\BOOKMARK [0][-]{chapter.1}{\376\377\0001\000.\000\040\000B\000e\000v\000e\000z\000e\000t\000\351\000s}{}% 1
\BOOKMARK [1][-]{section.1.1}{\376\377\0001\000.\0001\000.\000\040\000A\000\040\000t\000\351\000m\000a\000\040\000a\000k\000t\000u\000a\000l\000i\000t\000\341\000s\000a\000\040\000\351\000s\000\040\000c\000\351\000l\000j\000a}{chapter.1}% 2
\BOOKMARK [1][-]{section.1.2}{\376\377\0001\000.\0002\000.\000\040\000A\000\040\000h\000a\000s\000z\000n\000\341\000l\000t\000\040\000t\000e\000c\000h\000n\000o\000l\000\363\000g\000i\000\341\000k\000\040\000b\000e\000m\000u\000t\000a\000t\000\341\000s\000a}{chapter.1}% 3
\BOOKMARK [2][-]{subsection.1.2.1}{\376\377\0001\000.\0002\000.\0001\000.\000\040\000M\000i\000c\000r\000o\000s\000o\000f\000t\000\040\000.\000N\000E\000T\000\040\0008\000\040\000W\000e\000b\000\040\000A\000P\000I}{section.1.2}% 4
\BOOKMARK [2][-]{subsection.1.2.2}{\376\377\0001\000.\0002\000.\0002\000.\000\040\000M\000i\000c\000r\000o\000s\000o\000f\000t\000\040\000S\000Q\000L\000\040\000S\000e\000r\000v\000e\000r}{section.1.2}% 5
\BOOKMARK [2][-]{subsection.1.2.3}{\376\377\0001\000.\0002\000.\0003\000.\000\040\000R\000e\000a\000c\000t}{section.1.2}% 6
\BOOKMARK [2][-]{subsection.1.2.4}{\376\377\0001\000.\0002\000.\0004\000.\000\040\000F\000e\000j\000l\000e\000s\000z\000t\001\121\000i\000\040\000k\000\366\000r\000n\000y\000e\000z\000e\000t\000\040\000\351\000s\000\040\000e\000s\000z\000k\000\366\000z\000\366\000k}{section.1.2}% 7
\BOOKMARK [0][-]{chapter.2}{\376\377\0002\000.\000\040\000A\000\040\000r\000e\000n\000d\000s\000z\000e\000r\000\040\000c\000\351\000l\000j\000a\000\040\000\351\000s\000\040\000f\000u\000n\000k\000c\000i\000o\000n\000\341\000l\000i\000s\000\040\000k\000\366\000v\000e\000t\000e\000l\000m\000\351\000n\000y\000e\000i}{}% 8
\BOOKMARK [1][-]{section.2.1}{\376\377\0002\000.\0001\000.\000\040\000A\000\040\000r\000e\000n\000d\000s\000z\000e\000r\000\040\000c\000\351\000l\000j\000a}{chapter.2}% 9
\BOOKMARK [1][-]{section.2.2}{\376\377\0002\000.\0002\000.\000\040\000F\000u\000n\000k\000c\000i\000o\000n\000\341\000l\000i\000s\000\040\000k\000\366\000v\000e\000t\000e\000l\000m\000\351\000n\000y\000e\000k}{chapter.2}% 10
\BOOKMARK [2][-]{subsection.2.2.1}{\376\377\0002\000.\0002\000.\0001\000.\000\040\000B\000e\000j\000e\000l\000e\000n\000t\000k\000e\000z\000\351\000s\000\040\000\351\000s\000\040\000h\000i\000t\000e\000l\000e\000s\000\355\000t\000\351\000s}{section.2.2}% 11
\BOOKMARK [2][-]{subsection.2.2.2}{\376\377\0002\000.\0002\000.\0002\000.\000\040\000F\000e\000l\000h\000a\000s\000z\000n\000\341\000l\000\363\000i\000\040\000s\000z\000e\000r\000e\000p\000k\000\366\000r}{section.2.2}% 12
\BOOKMARK [2][-]{subsection.2.2.3}{\376\377\0002\000.\0002\000.\0003\000.\000\040\000V\000e\000z\000e\000t\001\121\000i\000\040\000s\000z\000e\000r\000e\000p\000k\000\366\000r}{section.2.2}% 13
\BOOKMARK [2][-]{subsection.2.2.4}{\376\377\0002\000.\0002\000.\0004\000.\000\040\000A\000d\000m\000i\000n\000i\000s\000z\000t\000r\000\341\000t\000o\000r\000i\000\040\000s\000z\000e\000r\000e\000p\000k\000\366\000r}{section.2.2}% 14
\BOOKMARK [2][-]{subsection.2.2.5}{\376\377\0002\000.\0002\000.\0005\000.\000\040\000N\000e\000m\000\040\000f\000u\000n\000k\000c\000i\000o\000n\000\341\000l\000i\000s\000\040\000k\000\366\000v\000e\000t\000e\000l\000m\000\351\000n\000y\000e\000k}{section.2.2}% 15
\BOOKMARK [2][-]{subsection.2.2.6}{\376\377\0002\000.\0002\000.\0006\000.\000\040\000H\000a\000s\000o\000n\000l\000\363\000\040\000r\000e\000n\000d\000s\000z\000e\000r\000e\000k\000\040\000b\000e\000m\000u\000t\000a\000t\000\341\000s\000a}{section.2.2}% 16
\BOOKMARK [2][-]{subsection.2.2.7}{\376\377\0002\000.\0002\000.\0007\000.\000\040\000\326\000s\000s\000z\000e\000g\000z\000\351\000s}{section.2.2}% 17
\BOOKMARK [0][-]{chapter.3}{\376\377\0003\000.\000\040\000T\000e\000r\000v\000e\000z\000\351\000s}{}% 18
\BOOKMARK [1][-]{section.3.1}{\376\377\0003\000.\0001\000.\000\040\000R\000e\000n\000d\000s\000z\000e\000r\000\040\000a\000r\000c\000h\000i\000t\000e\000k\000t\000\372\000r\000a}{chapter.3}% 19
\BOOKMARK [1][-]{section.3.2}{\376\377\0003\000.\0002\000.\000\040\000A\000d\000a\000t\000b\000\341\000z\000i\000s\000\040\000t\000e\000r\000v\000e\000z\000\351\000s}{chapter.3}% 20
\BOOKMARK [1][-]{section.3.3}{\376\377\0003\000.\0003\000.\000\040\000B\000a\000c\000k\000e\000n\000d\000\040\000t\000e\000r\000v\000e\000z\000\351\000s\000e}{chapter.3}% 21
\BOOKMARK [1][-]{section.3.4}{\376\377\0003\000.\0004\000.\000\040\000F\000r\000o\000n\000t\000e\000n\000d\000\040\000t\000e\000r\000v\000e\000z\000\351\000s\000e}{chapter.3}% 22
\BOOKMARK [1][-]{section.3.5}{\376\377\0003\000.\0005\000.\000\040\000A\000u\000t\000e\000n\000t\000i\000k\000\341\000c\000i\000\363\000\040\000\351\000s\000\040\000j\000o\000g\000o\000s\000u\000l\000t\000s\000\341\000g\000k\000e\000z\000e\000l\000\351\000s}{chapter.3}% 23
\BOOKMARK [1][-]{section.3.6}{\376\377\0003\000.\0006\000.\000\040\000J\000S\000O\000N\000\040\000W\000e\000b\000\040\000T\000o\000k\000e\000n\000\040\000m\001\161\000k\000\366\000d\000\351\000s\000e}{chapter.3}% 24
\BOOKMARK [0][-]{chapter.4}{\376\377\0004\000.\000\040\000F\000e\000j\000l\000e\000s\000z\000t\000\351\000s\000\040\000\351\000s\000\040\000m\000e\000g\000v\000a\000l\000\363\000s\000\355\000t\000\341\000s}{}% 25
\BOOKMARK [1][-]{section.4.1}{\376\377\0004\000.\0001\000.\000\040\000F\000e\000j\000l\000e\000s\000z\000t\000\351\000s\000i\000\040\000k\000\366\000r\000n\000y\000e\000z\000e\000t}{chapter.4}% 26
\BOOKMARK [1][-]{section.4.2}{\376\377\0004\000.\0002\000.\000\040\000B\000a\000c\000k\000e\000n\000d\000\040\000f\000e\000j\000l\000e\000s\000z\000t\000\351\000s}{chapter.4}% 27
\BOOKMARK [1][-]{section.4.3}{\376\377\0004\000.\0003\000.\000\040\000F\000r\000o\000n\000t\000e\000n\000d\000\040\000f\000e\000j\000l\000e\000s\000z\000t\000\351\000s}{chapter.4}% 28
\BOOKMARK [1][-]{section.4.4}{\376\377\0004\000.\0004\000.\000\040\000I\000n\000t\000e\000g\000r\000\341\000c\000i\000\363}{chapter.4}% 29
\BOOKMARK [1][-]{section.4.5}{\376\377\0004\000.\0005\000.\000\040\000B\000i\000z\000t\000o\000n\000s\000\341\000g\000\040\000\351\000s\000\040\000n\000a\000p\000l\000\363\000z\000\341\000s}{chapter.4}% 30
\BOOKMARK [0][-]{chapter.5}{\376\377\0005\000.\000\040\000T\000e\000s\000z\000t\000e\000l\000\351\000s}{}% 31
\BOOKMARK [1][-]{section.5.1}{\376\377\0005\000.\0001\000.\000\040\000T\000e\000s\000z\000t\000e\000l\000\351\000s\000i\000\040\000m\000\363\000d\000s\000z\000e\000r\000t\000a\000n}{chapter.5}% 32
\BOOKMARK [1][-]{section.5.2}{\376\377\0005\000.\0002\000.\000\040\000T\000e\000s\000z\000t\000e\000s\000e\000t\000e\000k\000\040\000\351\000s\000\040\000e\000r\000e\000d\000m\000\351\000n\000y\000e\000k}{chapter.5}% 33
\BOOKMARK [1][-]{section.5.3}{\376\377\0005\000.\0003\000.\000\040\000A\000P\000I\000\040\000t\000e\000s\000z\000t\000e\000l\000\351\000s\000\040\000\050\000P\000o\000s\000t\000m\000a\000n\000\051}{chapter.5}% 34
\BOOKMARK [1][-]{section.5.4}{\376\377\0005\000.\0004\000.\000\040\000\326\000s\000s\000z\000e\000g\000z\000\351\000s}{chapter.5}% 35
\BOOKMARK [0][-]{chapter.6}{\376\377\0006\000.\000\040\000K\000\351\000p\000e\000r\000n\000y\001\121\000k\000\351\000p\000e\000k\000\040\000\351\000s\000\040\000f\000e\000l\000h\000a\000s\000z\000n\000\341\000l\000\363\000i\000\040\000f\000e\000l\000\374\000l\000e\000t\000e\000k\000\040\000b\000e\000m\000u\000t\000a\000t\000\341\000s\000a}{}% 36
\BOOKMARK [0][-]{chapter.7}{\376\377\0007\000.\000\040\000T\000o\000v\000\341\000b\000b\000i\000\040\000f\000e\000j\000l\000e\000s\000z\000t\000\351\000s\000i\000\040\000l\000e\000h\000e\000t\001\121\000s\000\351\000g\000e\000k}{}% 37
\BOOKMARK [0][-]{chapter.8}{\376\377\0008\000.\000\040\000\326\000s\000s\000z\000e\000f\000o\000g\000l\000a\000l\000\341\000s\000\040\000\351\000s\000\040\000k\000\366\000s\000z\000\366\000n\000e\000t\000n\000y\000i\000l\000v\000\341\000n\000\355\000t\000\341\000s}{}% 38
\BOOKMARK [0][-]{chapter.9}{\376\377\0009\000.\000\040\000F\000o\000r\000r\000\341\000s\000k\000\363\000d\000\040\000\351\000s\000\040\000d\000e\000m\000\363\000\040\000a\000l\000k\000a\000l\000m\000a\000z\000\341\000s\000\040\000e\000l\000\351\000r\000h\000e\000t\001\121\000s\000\351\000g\000e}{}% 39
